<?xml version="1.0" encoding="UTF-8"?>
<!-- Generated by org.testng.reporters.JUnitReportReporter -->
<testsuite skipped="0" hostname="ErichPC" name="RunTest" tests="1" failures="0" timestamp="2020-05-20T09:42:32 BRT" time="20.690" errors="0">
  <testcase name="runScenario" time="20.690" classname="RunTest"/>
  <system-out/>
</testsuite> <!-- RunTest -->
